<?xml version="1.0" encoding="UTF-8"?>
<!-- Generated by org.testng.reporters.JUnitReportReporter -->
<testsuite skipped="0" hostname="DESKTOP-NHAC3N6" name="MyRunner.TestRunner" tests="1" failures="0" timestamp="28 Dec 2018 10:10:55 GMT" time="2.762" errors="0">
  <testcase name="RunScenario" time="2.762" classname="MyRunner.TestRunner"/>
</testsuite> <!-- MyRunner.TestRunner -->
