<?xml version="1.0" encoding="UTF-8"?>
<!-- Generated by org.testng.reporters.JUnitReportReporter -->
<testsuite skipped="0" hostname="DESKTOP-NHAC3N6" name="MyRunner.TestRunner" tests="5" failures="0" timestamp="28 Dec 2018 10:58:20 GMT" time="5.792" errors="0">
  <testcase name="RunScenario" time="1.105" classname="MyRunner.TestRunner"/>
  <testcase name="RunScenario" time="1.084" classname="MyRunner.TestRunner"/>
  <testcase name="RunScenario" time="0.677" classname="MyRunner.TestRunner"/>
  <testcase name="RunScenario" time="2.408" classname="MyRunner.TestRunner"/>
  <testcase name="RunScenario" time="0.518" classname="MyRunner.TestRunner"/>
</testsuite> <!-- MyRunner.TestRunner -->
